[debug] [2021-12-17T14:03:11.784Z] ----------------------------------------------------------------------
[debug] [2021-12-17T14:03:11.794Z] Command:       C:\Program Files\nodejs\node.exe C:\Users\qures\AppData\Roaming\npm\node_modules\firebase-tools\lib\bin\firebase.js init
[debug] [2021-12-17T14:03:11.796Z] CLI Version:   9.20.0
[debug] [2021-12-17T14:03:11.797Z] Platform:      win32
[debug] [2021-12-17T14:03:11.797Z] Node Version:  v14.16.0
[debug] [2021-12-17T14:03:11.801Z] Time:          Fri Dec 17 2021 19:03:11 GMT+0500 (Pakistan Standard Time)
[debug] [2021-12-17T14:03:11.802Z] ----------------------------------------------------------------------
[debug] 
[debug] [2021-12-17T14:03:12.069Z] > command requires scopes: ["email","openid","https://www.googleapis.com/auth/cloudplatformprojects.readonly","https://www.googleapis.com/auth/firebase","https://www.googleapis.com/auth/cloud-platform"]
[debug] [2021-12-17T14:03:12.070Z] > authorizing via signed-in user (factualcode.official@gmail.com)
[info] 
     ######## #### ########  ######## ########     ###     ######  ########
     ##        ##  ##     ## ##       ##     ##  ##   ##  ##       ##
     ######    ##  ########  ######   ########  #########  ######  ######
     ##        ##  ##    ##  ##       ##     ## ##     ##       ## ##
     ##       #### ##     ## ######## ########  ##     ##  ######  ########

You're about to initialize a Firebase project in this directory:

  E:\altis-zone

Before we get started, keep in mind:

  * You are initializing within an existing Firebase project directory

[info] 
=== Project Setup
[info] 
[info] First, let's associate this project directory with a Firebase project.
[info] You can create multiple project aliases by running firebase use --add, 
[info] but for now we'll just set up a default project.
[info] 
[info] i  .firebaserc already has a default project, using react-data-access. 
[debug] [2021-12-17T14:03:31.499Z] > refreshing access token with scopes: []
[debug] [2021-12-17T14:03:31.501Z] >>> HTTP REQUEST POST https://www.googleapis.com/oauth2/v3/token  
 <request body omitted>
[debug] [2021-12-17T14:03:32.015Z] <<< HTTP RESPONSE 200 {"pragma":"no-cache","expires":"Mon, 01 Jan 1990 00:00:00 GMT","date":"Fri, 17 Dec 2021 14:03:30 GMT","cache-control":"no-cache, no-store, max-age=0, must-revalidate","content-type":"application/json; charset=utf-8","vary":"X-Origin, Referer, Origin,Accept-Encoding","server":"scaffolding on HTTPServer2","x-xss-protection":"0","x-frame-options":"SAMEORIGIN","x-content-type-options":"nosniff","alt-svc":"h3=\":443\"; ma=2592000,h3-29=\":443\"; ma=2592000,h3-Q050=\":443\"; ma=2592000,h3-Q046=\":443\"; ma=2592000,h3-Q043=\":443\"; ma=2592000,quic=\":443\"; ma=2592000; v=\"46,43\"","accept-ranges":"none","transfer-encoding":"chunked"}
[debug] [2021-12-17T14:03:32.057Z] >>> [apiv2][query] GET https://firebase.googleapis.com/v1beta1/projects/react-data-access [none]
[debug] [2021-12-17T14:03:32.639Z] <<< [apiv2][status] GET https://firebase.googleapis.com/v1beta1/projects/react-data-access 403
[debug] [2021-12-17T14:03:32.640Z] <<< [apiv2][body] GET https://firebase.googleapis.com/v1beta1/projects/react-data-access {"error":{"code":403,"message":"The caller does not have permission","status":"PERMISSION_DENIED"}}
[debug] [2021-12-17T14:03:32.641Z] HTTP Error: 403, The caller does not have permission
[debug] [2021-12-17T14:03:32.984Z] FirebaseError: HTTP Error: 403, The caller does not have permission
    at module.exports (C:\Users\qures\AppData\Roaming\npm\node_modules\firebase-tools\lib\responseToError.js:38:12)
    at Client.doRequest (C:\Users\qures\AppData\Roaming\npm\node_modules\firebase-tools\lib\apiv2.js:238:23)
    at processTicksAndRejections (internal/process/task_queues.js:93:5)
    at async Client.request (C:\Users\qures\AppData\Roaming\npm\node_modules\firebase-tools\lib\apiv2.js:96:20)
    at async Object.getFirebaseProject (C:\Users\qures\AppData\Roaming\npm\node_modules\firebase-tools\lib\management\projects.js:290:21)
    at async Object.doSetup [as project] (C:\Users\qures\AppData\Roaming\npm\node_modules\firebase-tools\lib\init\features\project.js:77:27)
    at async init (C:\Users\qures\AppData\Roaming\npm\node_modules\firebase-tools\lib\init\index.js:19:9)
[error] 
[error] Error: Failed to get Firebase project react-data-access. Please make sure the project exists and your account has permission to access it.
